INFO:     Will watch for changes in these directories: ['/Users/wenbai/Desktop/fund/finance-suite/backend']
INFO:     Uvicorn running on http://127.0.0.1:8000 (Press CTRL+C to quit)
INFO:     Started reloader process [46686] using StatReload
/Users/wenbai/Desktop/fund/finance-suite/backend/venv/lib/python3.10/site-packages/pydantic/_internal/_fields.py:149: UserWarning: Field "model_accuracy" has conflict with protected namespace "model_".

You may be able to resolve this warning by setting `model_config['protected_namespaces'] = ()`.
  warnings.warn(
INFO:     Started server process [46703]
INFO:     Waiting for application startup.
INFO:     Application startup complete.
  0%|          | 0/16 [00:00<?, ?it/s]  6%|▋         | 1/16 [00:00<00:01,  9.30it/s] 12%|█▎        | 2/16 [00:00<00:01,  8.98it/s] 19%|█▉        | 3/16 [00:00<00:02,  6.43it/s] 25%|██▌       | 4/16 [00:00<00:01,  7.32it/s] 31%|███▏      | 5/16 [00:00<00:01,  7.64it/s] 38%|███▊      | 6/16 [00:00<00:01,  8.22it/s] 44%|████▍     | 7/16 [00:00<00:01,  7.45it/s] 56%|█████▋    | 9/16 [00:01<00:00,  8.56it/s] 62%|██████▎   | 10/16 [00:01<00:00,  7.96it/s] 69%|██████▉   | 11/16 [00:01<00:00,  8.02it/s] 75%|███████▌  | 12/16 [00:01<00:00,  8.34it/s] 81%|████████▏ | 13/16 [00:01<00:00,  7.19it/s] 88%|████████▊ | 14/16 [00:01<00:00,  7.48it/s] 94%|█████████▍| 15/16 [00:01<00:00,  8.07it/s]100%|██████████| 16/16 [00:02<00:00,  8.43it/s]                                               获取实时数据失败，使用模拟数据: cannot do slice indexing on DatetimeIndex with these indexers [] of type str
INFO:     127.0.0.1:59735 - "GET /api/v1/indices/000300/info HTTP/1.1" 200 OK
WARNING:  StatReload detected changes in 'app/schemas/index_schemas.py'. Reloading...
INFO:     Shutting down
INFO:     Waiting for application shutdown.
INFO:     Application shutdown complete.
INFO:     Finished server process [46703]
/Users/wenbai/Desktop/fund/finance-suite/backend/venv/lib/python3.10/site-packages/pydantic/_internal/_fields.py:149: UserWarning: Field "model_accuracy" has conflict with protected namespace "model_".

You may be able to resolve this warning by setting `model_config['protected_namespaces'] = ()`.
  warnings.warn(
INFO:     Started server process [48443]
INFO:     Waiting for application startup.
INFO:     Application startup complete.
WARNING:  StatReload detected changes in 'app/services/index_service.py'. Reloading...
INFO:     Shutting down
INFO:     Waiting for application shutdown.
INFO:     Application shutdown complete.
INFO:     Finished server process [48443]
/Users/wenbai/Desktop/fund/finance-suite/backend/venv/lib/python3.10/site-packages/pydantic/_internal/_fields.py:149: UserWarning: Field "model_accuracy" has conflict with protected namespace "model_".

You may be able to resolve this warning by setting `model_config['protected_namespaces'] = ()`.
  warnings.warn(
INFO:     Started server process [48770]
INFO:     Waiting for application startup.
INFO:     Application startup complete.
WARNING:  StatReload detected changes in 'app/services/index_service.py'. Reloading...
INFO:     Shutting down
INFO:     Waiting for application shutdown.
INFO:     Application shutdown complete.
INFO:     Finished server process [48770]
/Users/wenbai/Desktop/fund/finance-suite/backend/venv/lib/python3.10/site-packages/pydantic/_internal/_fields.py:149: UserWarning: Field "model_accuracy" has conflict with protected namespace "model_".

You may be able to resolve this warning by setting `model_config['protected_namespaces'] = ()`.
  warnings.warn(
INFO:     Started server process [48791]
INFO:     Waiting for application startup.
INFO:     Application startup complete.
WARNING:  StatReload detected changes in 'app/services/index_service.py'. Reloading...
INFO:     Shutting down
INFO:     Waiting for application shutdown.
INFO:     Application shutdown complete.
INFO:     Finished server process [48791]
Process SpawnProcess-5:
Traceback (most recent call last):
  File "/Users/wenbai/.local/python-3.10.13/lib/python3.10/multiprocessing/process.py", line 314, in _bootstrap
    self.run()
  File "/Users/wenbai/.local/python-3.10.13/lib/python3.10/multiprocessing/process.py", line 108, in run
    self._target(*self._args, **self._kwargs)
  File "/Users/wenbai/Desktop/fund/finance-suite/backend/venv/lib/python3.10/site-packages/uvicorn/_subprocess.py", line 76, in subprocess_started
    target(sockets=sockets)
  File "/Users/wenbai/Desktop/fund/finance-suite/backend/venv/lib/python3.10/site-packages/uvicorn/server.py", line 61, in run
    return asyncio.run(self.serve(sockets=sockets))
  File "/Users/wenbai/.local/python-3.10.13/lib/python3.10/asyncio/runners.py", line 44, in run
    return loop.run_until_complete(main)
  File "/Users/wenbai/.local/python-3.10.13/lib/python3.10/asyncio/base_events.py", line 649, in run_until_complete
    return future.result()
  File "/Users/wenbai/Desktop/fund/finance-suite/backend/venv/lib/python3.10/site-packages/uvicorn/server.py", line 68, in serve
    config.load()
  File "/Users/wenbai/Desktop/fund/finance-suite/backend/venv/lib/python3.10/site-packages/uvicorn/config.py", line 467, in load
    self.loaded_app = import_from_string(self.app)
  File "/Users/wenbai/Desktop/fund/finance-suite/backend/venv/lib/python3.10/site-packages/uvicorn/importer.py", line 21, in import_from_string
    module = importlib.import_module(module_str)
  File "/Users/wenbai/.local/python-3.10.13/lib/python3.10/importlib/__init__.py", line 126, in import_module
    return _bootstrap._gcd_import(name[level:], package, level)
  File "<frozen importlib._bootstrap>", line 1050, in _gcd_import
  File "<frozen importlib._bootstrap>", line 1027, in _find_and_load
  File "<frozen importlib._bootstrap>", line 1006, in _find_and_load_unlocked
  File "<frozen importlib._bootstrap>", line 688, in _load_unlocked
  File "<frozen importlib._bootstrap_external>", line 883, in exec_module
  File "<frozen importlib._bootstrap>", line 241, in _call_with_frames_removed
  File "/Users/wenbai/Desktop/fund/finance-suite/backend/app/main.py", line 4, in <module>
    from app.api.v1.router import api_router
  File "/Users/wenbai/Desktop/fund/finance-suite/backend/app/api/v1/router.py", line 2, in <module>
    from .endpoints import indices, funds, predictions
  File "/Users/wenbai/Desktop/fund/finance-suite/backend/app/api/v1/endpoints/indices.py", line 4, in <module>
    from app.services.index_service import IndexService
  File "/Users/wenbai/Desktop/fund/finance-suite/backend/app/services/index_service.py", line 253
    def _get_valuation_data(self, index_code: str) -> tuple:
SyntaxError: expected 'except' or 'finally' block
WARNING:  StatReload detected changes in 'app/services/index_service.py'. Reloading...
Process SpawnProcess-6:
Traceback (most recent call last):
  File "/Users/wenbai/.local/python-3.10.13/lib/python3.10/multiprocessing/process.py", line 314, in _bootstrap
    self.run()
  File "/Users/wenbai/.local/python-3.10.13/lib/python3.10/multiprocessing/process.py", line 108, in run
    self._target(*self._args, **self._kwargs)
  File "/Users/wenbai/Desktop/fund/finance-suite/backend/venv/lib/python3.10/site-packages/uvicorn/_subprocess.py", line 76, in subprocess_started
    target(sockets=sockets)
  File "/Users/wenbai/Desktop/fund/finance-suite/backend/venv/lib/python3.10/site-packages/uvicorn/server.py", line 61, in run
    return asyncio.run(self.serve(sockets=sockets))
  File "/Users/wenbai/.local/python-3.10.13/lib/python3.10/asyncio/runners.py", line 44, in run
    return loop.run_until_complete(main)
  File "/Users/wenbai/.local/python-3.10.13/lib/python3.10/asyncio/base_events.py", line 649, in run_until_complete
    return future.result()
  File "/Users/wenbai/Desktop/fund/finance-suite/backend/venv/lib/python3.10/site-packages/uvicorn/server.py", line 68, in serve
    config.load()
  File "/Users/wenbai/Desktop/fund/finance-suite/backend/venv/lib/python3.10/site-packages/uvicorn/config.py", line 467, in load
    self.loaded_app = import_from_string(self.app)
  File "/Users/wenbai/Desktop/fund/finance-suite/backend/venv/lib/python3.10/site-packages/uvicorn/importer.py", line 21, in import_from_string
    module = importlib.import_module(module_str)
  File "/Users/wenbai/.local/python-3.10.13/lib/python3.10/importlib/__init__.py", line 126, in import_module
    return _bootstrap._gcd_import(name[level:], package, level)
  File "<frozen importlib._bootstrap>", line 1050, in _gcd_import
  File "<frozen importlib._bootstrap>", line 1027, in _find_and_load
  File "<frozen importlib._bootstrap>", line 1006, in _find_and_load_unlocked
  File "<frozen importlib._bootstrap>", line 688, in _load_unlocked
  File "<frozen importlib._bootstrap_external>", line 883, in exec_module
  File "<frozen importlib._bootstrap>", line 241, in _call_with_frames_removed
  File "/Users/wenbai/Desktop/fund/finance-suite/backend/app/main.py", line 4, in <module>
    from app.api.v1.router import api_router
  File "/Users/wenbai/Desktop/fund/finance-suite/backend/app/api/v1/router.py", line 2, in <module>
    from .endpoints import indices, funds, predictions
  File "/Users/wenbai/Desktop/fund/finance-suite/backend/app/api/v1/endpoints/indices.py", line 4, in <module>
    from app.services.index_service import IndexService
  File "/Users/wenbai/Desktop/fund/finance-suite/backend/app/services/index_service.py", line 253
    def _get_valuation_data(self, index_code: str) -> tuple:
SyntaxError: expected 'except' or 'finally' block
WARNING:  StatReload detected changes in 'app/services/index_service.py'. Reloading...
Process SpawnProcess-7:
Traceback (most recent call last):
  File "/Users/wenbai/.local/python-3.10.13/lib/python3.10/multiprocessing/process.py", line 314, in _bootstrap
    self.run()
  File "/Users/wenbai/.local/python-3.10.13/lib/python3.10/multiprocessing/process.py", line 108, in run
    self._target(*self._args, **self._kwargs)
  File "/Users/wenbai/Desktop/fund/finance-suite/backend/venv/lib/python3.10/site-packages/uvicorn/_subprocess.py", line 76, in subprocess_started
    target(sockets=sockets)
  File "/Users/wenbai/Desktop/fund/finance-suite/backend/venv/lib/python3.10/site-packages/uvicorn/server.py", line 61, in run
    return asyncio.run(self.serve(sockets=sockets))
  File "/Users/wenbai/.local/python-3.10.13/lib/python3.10/asyncio/runners.py", line 44, in run
    return loop.run_until_complete(main)
  File "/Users/wenbai/.local/python-3.10.13/lib/python3.10/asyncio/base_events.py", line 649, in run_until_complete
    return future.result()
  File "/Users/wenbai/Desktop/fund/finance-suite/backend/venv/lib/python3.10/site-packages/uvicorn/server.py", line 68, in serve
    config.load()
  File "/Users/wenbai/Desktop/fund/finance-suite/backend/venv/lib/python3.10/site-packages/uvicorn/config.py", line 467, in load
    self.loaded_app = import_from_string(self.app)
  File "/Users/wenbai/Desktop/fund/finance-suite/backend/venv/lib/python3.10/site-packages/uvicorn/importer.py", line 21, in import_from_string
    module = importlib.import_module(module_str)
  File "/Users/wenbai/.local/python-3.10.13/lib/python3.10/importlib/__init__.py", line 126, in import_module
    return _bootstrap._gcd_import(name[level:], package, level)
  File "<frozen importlib._bootstrap>", line 1050, in _gcd_import
  File "<frozen importlib._bootstrap>", line 1027, in _find_and_load
  File "<frozen importlib._bootstrap>", line 1006, in _find_and_load_unlocked
  File "<frozen importlib._bootstrap>", line 688, in _load_unlocked
  File "<frozen importlib._bootstrap_external>", line 883, in exec_module
  File "<frozen importlib._bootstrap>", line 241, in _call_with_frames_removed
  File "/Users/wenbai/Desktop/fund/finance-suite/backend/app/main.py", line 4, in <module>
    from app.api.v1.router import api_router
  File "/Users/wenbai/Desktop/fund/finance-suite/backend/app/api/v1/router.py", line 2, in <module>
    from .endpoints import indices, funds, predictions
  File "/Users/wenbai/Desktop/fund/finance-suite/backend/app/api/v1/endpoints/indices.py", line 4, in <module>
    from app.services.index_service import IndexService
  File "/Users/wenbai/Desktop/fund/finance-suite/backend/app/services/index_service.py", line 253
    def _get_valuation_data(self, index_code: str) -> tuple:
SyntaxError: expected 'except' or 'finally' block
WARNING:  StatReload detected changes in 'app/services/index_service.py'. Reloading...
WARNING:  StatReload detected changes in 'app/services/index_service.py'. Reloading...
/Users/wenbai/Desktop/fund/finance-suite/backend/venv/lib/python3.10/site-packages/pydantic/_internal/_fields.py:149: UserWarning: Field "model_accuracy" has conflict with protected namespace "model_".

You may be able to resolve this warning by setting `model_config['protected_namespaces'] = ()`.
  warnings.warn(
INFO:     Started server process [48860]
INFO:     Waiting for application startup.
INFO:     Application startup complete.
INFO:     Shutting down
INFO:     Waiting for application shutdown.
INFO:     Application shutdown complete.
INFO:     Finished server process [48860]
INFO:     Stopping reloader process [46686]
